<?xml version="1.0" encoding="UTF-8"?>
<!-- Generated by org.testng.reporters.JUnitReportReporter -->
<testsuite hostname="VTP-LT-1WYHG32" name="com.clearTrip.Testcases.RoundTripBooking" tests="1" failures="0" timestamp="19 Dec 2016 07:10:19 GMT" time="44.644" errors="0">
  <testcase name="roundTrip" time="44.644" classname="com.clearTrip.Testcases.RoundTripBooking"/>
</testsuite> <!-- com.clearTrip.Testcases.RoundTripBooking -->
